Arguments: 
  C:\Program Files\nodejs\node.exe C:\Users\40472\AppData\Roaming\npm\node_modules\yarn\bin\yarn.js add postcss

PATH: 
  C:\ProgramData\Oracle\Java\javapath;C:\Python27\;C:\Python27\Scripts;C:\windows\system32;C:\windows;C:\windows\System32\Wbem;C:\windows\System32\WindowsPowerShell\v1.0\;C:\windows\System32\OpenSSH\;C:\Program Files (x86)\NVIDIA Corporation\PhysX\Common;C:\Program Files\NVIDIA Corporation\NVIDIA NvDLISR;C:\Program Files\nodejs\;C:\ProgramData\chocolatey\bin;C:\Program Files\Git\cmd;C:\Program Files\Java\jdk1.8.0_152\bin;C:\Program Files\Java\jdk1.8.0_152\jre\bin;C:\Program Files\OpenVPN\bin;C:\Program Files\VanDyke Software\SecureFX\;C:\Program Files\VanDyke Software\Clients\;C:\Program Files\JetBrains\IntelliJ IDEA 2019.2.3\plugins\maven\lib\maven3\bin;C:\Program Files\Redis\;C:\Users\40472\AppData\Local\Microsoft\WindowsApps;C:\Users\40472\AppData\Local\Programs\Microsoft VS Code\bin;C:\Users\40472\AppData\Roaming\npm;C:\Program Files\JetBrains\IntelliJ IDEA 2019.2.3\bin;;C:\Users\40472\AppData\Local\Yarn\bin;

Yarn version: 
  1.22.0

Node version: 
  12.12.0

Platform: 
  win32 x64

Trace: 
  Error: connect ENETUNREACH 139.159.243.23:10084
      at TCPConnectWrap.afterConnect [as oncomplete] (net.js:1128:14)

npm manifest: 
  {
    "name": "postcss-flex-expland",
    "version": "1.0.0",
    "description": "Postcss plugin that expands flex to flex-grow,flex-shring,flex-basis.",
    "main": "index.js",
    "scripts": {
      "test": "test"
    },
    "repository": {
      "type": "git",
      "url": "git+https://github.com/lzq4047/postcss-flex-expland.git"
    },
    "keywords": [
      "flex",
      "flexibility"
    ],
    "author": "lzq4047",
    "license": "ISC",
    "bugs": {
      "url": "https://github.com/lzq4047/postcss-flex-expland/issues"
    },
    "homepage": "https://github.com/lzq4047/postcss-flex-expland#readme"
  }

yarn manifest: 
  No manifest

Lockfile: 
  No lockfile
